<?xml version="1.0" encoding="UTF-8"?>
<testng-results skipped="0" failed="0" ignored="0" total="5" passed="5">
  <reporter-output>
  </reporter-output>
  <suite name="Default suite" duration-ms="23698" started-at="2018-04-21T14:59:58Z" finished-at="2018-04-21T15:00:22Z">
    <groups>
    </groups>
    <test name="Default test" duration-ms="23698" started-at="2018-04-21T14:59:58Z" finished-at="2018-04-21T15:00:22Z">
      <class name="pageFactory.TableTestCases">
        <test-method status="PASS" signature="Config()[pri:0, instance:pageFactory.TableTestCases@5afa04c]" name="Config" is-config="true" duration-ms="7357" started-at="2018-04-21T20:29:51Z" finished-at="2018-04-21T20:29:58Z">
          <reporter-output>
          </reporter-output>
        </test-method> <!-- Config -->
        <test-method status="PASS" signature="tablePaginationTest()[pri:1, instance:pageFactory.TableTestCases@5afa04c]" name="tablePaginationTest" duration-ms="9030" started-at="2018-04-21T20:29:58Z" finished-at="2018-04-21T20:30:07Z">
          <reporter-output>
          </reporter-output>
        </test-method> <!-- tablePaginationTest -->
        <test-method status="PASS" signature="tableSearchBarTest()[pri:2, instance:pageFactory.TableTestCases@5afa04c]" name="tableSearchBarTest" duration-ms="2948" started-at="2018-04-21T20:30:08Z" finished-at="2018-04-21T20:30:10Z">
          <reporter-output>
          </reporter-output>
        </test-method> <!-- tableSearchBarTest -->
        <test-method status="PASS" signature="tableFilterTest()[pri:3, instance:pageFactory.TableTestCases@5afa04c]" name="tableFilterTest" duration-ms="626" started-at="2018-04-21T20:30:10Z" finished-at="2018-04-21T20:30:11Z">
          <reporter-output>
          </reporter-output>
        </test-method> <!-- tableFilterTest -->
        <test-method status="PASS" signature="tablefilterColorTest()[pri:4, instance:pageFactory.TableTestCases@5afa04c]" name="tablefilterColorTest" duration-ms="9604" started-at="2018-04-21T20:30:11Z" finished-at="2018-04-21T20:30:21Z">
          <reporter-output>
          </reporter-output>
        </test-method> <!-- tablefilterColorTest -->
        <test-method status="PASS" signature="tableSortTest()[pri:5, instance:pageFactory.TableTestCases@5afa04c]" name="tableSortTest" duration-ms="1441" started-at="2018-04-21T20:30:21Z" finished-at="2018-04-21T20:30:22Z">
          <reporter-output>
          </reporter-output>
        </test-method> <!-- tableSortTest -->
      </class> <!-- pageFactory.TableTestCases -->
    </test> <!-- Default test -->
  </suite> <!-- Default suite -->
</testng-results>
